D:\KINECT2\KINECT2SAMPLE-MASTER\SAMPLE\DEPTH\X64\DEBUG\DEPTH.PCH
D:\KINECT2\KINECT2SAMPLE-MASTER\SAMPLE\DEPTH\X64\DEBUG\STDAFX.OBJ
D:\KINECT2\KINECT2SAMPLE-MASTER\SAMPLE\DEPTH\X64\DEBUG\VC110.PDB
D:\KINECT2\KINECT2SAMPLE-MASTER\SAMPLE\DEPTH\X64\DEBUG\DEPTH.OBJ
D:\kinect2\Kinect2Sample-master\Sample\Depth\x64\Debug\Depth.obj
D:\kinect2\Kinect2Sample-master\Sample\Depth\x64\Debug\stdafx.obj
D:\kinect2\Kinect2Sample-master\Sample\Depth\x64\Debug\cl.command.1.tlog
D:\kinect2\Kinect2Sample-master\Sample\Depth\x64\Debug\CL.read.1.tlog
D:\kinect2\Kinect2Sample-master\Sample\Depth\x64\Debug\CL.write.1.tlog
D:\kinect2\Kinect2Sample-master\Sample\Depth\x64\Debug\link-cvtres.read.1.tlog
D:\kinect2\Kinect2Sample-master\Sample\Depth\x64\Debug\link-cvtres.write.1.tlog
D:\kinect2\Kinect2Sample-master\Sample\Depth\x64\Debug\link-rc.read.1.tlog
D:\kinect2\Kinect2Sample-master\Sample\Depth\x64\Debug\link-rc.write.1.tlog
D:\kinect2\Kinect2Sample-master\Sample\Depth\x64\Debug\link.command.1.tlog
D:\kinect2\Kinect2Sample-master\Sample\Depth\x64\Debug\link.read.1.tlog
D:\kinect2\Kinect2Sample-master\Sample\Depth\x64\Debug\link.write.1.tlog
D:\kinect2\Kinect2Sample-master\Sample\Depth\x64\Debug\Depth.pch
D:\kinect2\Kinect2Sample-master\Sample\Depth\x64\Debug\vc110.idb
D:\kinect2\Kinect2Sample-master\Sample\Depth\x64\Debug\vc110.pdb
D:\kinect2\Kinect2Sample-master\Sample\x64\Debug\Depth.pdb
