Build started 04.10.2014 10:17:58.
     1>Project "H:\kinect2\Kinect2Sample-master\Sample\Calib\Calib.vcxproj" on node 2 (Build target(s)).
     1>PrepareForBuild:
         Creating directory "H:\kinect2\Kinect2Sample-master\Sample\x64\Release\".
       InitializeBuildStatus:
         Creating "x64\Release\Calib.unsuccessfulbuild" because "AlwaysCreate" was specified.
       ClCompile:
         C:\Program Files (x86)\Microsoft Visual Studio 11.0\VC\bin\x86_amd64\CL.exe /c /IB:\opencv249\opencv\build\include /Zi /nologo /W3 /WX- /sdl /O2 /Oi /GL /D _MBCS /Gm- /EHsc /MD /GS /Gy /fp:precise /Zc:wchar_t /Zc:forScope /Fo"x64\Release\\" /Fd"x64\Release\vc110.pdb" /Gd /TP /errorReport:prompt calibration.cpp
         calibration.cpp
       Link:
         C:\Program Files (x86)\Microsoft Visual Studio 11.0\VC\bin\x86_amd64\link.exe /ERRORREPORT:PROMPT /OUT:"H:\kinect2\Kinect2Sample-master\Sample\x64\Release\Calib.exe" /NOLOGO /LIBPATH:B:\opencv249\opencv\build\x64\vc11\lib opencv_core249.lib opencv_imgproc249.lib opencv_highgui249.lib opencv_ml249.lib opencv_video249.lib opencv_features2d249.lib opencv_calib3d249.lib opencv_objdetect249.lib opencv_contrib249.lib opencv_legacy249.lib opencv_flann249.lib kernel32.lib user32.lib gdi32.lib winspool.lib comdlg32.lib advapi32.lib shell32.lib ole32.lib oleaut32.lib uuid.lib odbc32.lib odbccp32.lib /MANIFEST /MANIFESTUAC:"level='asInvoker' uiAccess='false'" /manifest:embed /DEBUG /PDB:"H:\kinect2\Kinect2Sample-master\Sample\x64\Release\Calib.pdb" /OPT:REF /OPT:ICF /LTCG /TLBID:1 /DYNAMICBASE /NXCOMPAT /IMPLIB:"H:\kinect2\Kinect2Sample-master\Sample\x64\Release\Calib.lib" /MACHINE:X64 x64\Release\calibration.obj
         Generating code
         Finished generating code
         Calib.vcxproj -> H:\kinect2\Kinect2Sample-master\Sample\x64\Release\Calib.exe
       FinalizeBuildStatus:
         Deleting file "x64\Release\Calib.unsuccessfulbuild".
         Touching "x64\Release\Calib.lastbuildstate".
     1>Done Building Project "H:\kinect2\Kinect2Sample-master\Sample\Calib\Calib.vcxproj" (Build target(s)).

Build succeeded.

Time Elapsed 00:00:02.38
