Build started 04.10.2014 10:55:26.
     1>Project "H:\kinect2\Kinect2Sample-master\Sample\Color\Color.vcxproj" on node 2 (Build target(s)).
     1>InitializeBuildStatus:
         Creating "x64\Release\Color.unsuccessfulbuild" because "AlwaysCreate" was specified.
       ClCompile:
         All outputs are up-to-date.
         All outputs are up-to-date.
       Link:
         All outputs are up-to-date.
         C:\Program Files (x86)\Microsoft Visual Studio 11.0\VC\bin\x86_amd64\link.exe /ERRORREPORT:PROMPT /OUT:"H:\kinect2\Kinect2Sample-master\Sample\x64\Release\Color.exe" /INCREMENTAL:NO /NOLOGO /LIBPATH:..\lib /LIBPATH:B:\opencv249\opencv\build\x64\vc11\lib /LIBPATH:"C:\Program Files\Microsoft SDKs\Kinect\v2.0-PublicPreview1408\\lib\x64" /LIBPATH:\build\x64\vc12\lib opencv_core249.lib opencv_imgproc249.lib opencv_highgui249.lib opencv_ml249.lib opencv_video249.lib opencv_features2d249.lib opencv_calib3d249.lib opencv_objdetect249.lib opencv_contrib249.lib opencv_legacy249.lib opencv_flann249.lib Kinect20.lib /MANIFEST /MANIFESTUAC:"level='asInvoker' uiAccess='false'" /manifest:embed /DEBUG /PDB:"H:\kinect2\Kinect2Sample-master\Sample\x64\Release\Color.pdb" /SUBSYSTEM:CONSOLE /OPT:REF /OPT:ICF /LTCG /TLBID:1 /DYNAMICBASE /NXCOMPAT /IMPLIB:"H:\kinect2\Kinect2Sample-master\Sample\x64\Release\Color.lib" /MACHINE:X64 x64\Release\Color.obj
         x64\Release\stdafx.obj
         Generating code
         Finished generating code
         Color.vcxproj -> H:\kinect2\Kinect2Sample-master\Sample\x64\Release\Color.exe
       FinalizeBuildStatus:
         Deleting file "x64\Release\Color.unsuccessfulbuild".
         Touching "x64\Release\Color.lastbuildstate".
     1>Done Building Project "H:\kinect2\Kinect2Sample-master\Sample\Color\Color.vcxproj" (Build target(s)).

Build succeeded.

Time Elapsed 00:00:00.54
